<?xml version="1.0" encoding="UTF-8"?>
<testsuite name="ParkingLotTest" tests="4" skipped="0" failures="0" errors="0" timestamp="2023-12-09T10:52:46" hostname="LAPTOP-702H6MN5" time="0.141">
  <properties/>
  <testcase name="testGetRegNumbersByColor()" classname="ParkingLotTest" time="0.116"/>
  <testcase name="testParkCar()" classname="ParkingLotTest" time="0.004"/>
  <testcase name="testGetTicketNumbersByColor()" classname="ParkingLotTest" time="0.009"/>
  <testcase name="testGetTicketNumberByRegNumber()" classname="ParkingLotTest" time="0.006"/>
  <system-out><![CDATA[Car parked with ticket Number : c0b41726-5182-4b5f-93ab-89e0221556e3
Car parked with ticket Number : 5e47bf67-09bb-4b12-b173-7a3e3041daa5
Car parked with ticket Number : 429c8745-988e-412e-bb7e-b17f37281a3f
Car parked with ticket Number : 474341eb-6c9b-4cca-992f-1e43179f3b78
Car parked with ticket Number : e6a5dbf0-ee4e-4974-89e0-5f8611f71725
Car parked with ticket Number : 4b1446a5-9e43-439e-a2c4-54f6d24b044a
Car parked with ticket Number : 565e4eae-b46f-43ad-ac06-d4532b2c5fda
Car parked with ticket Number : 983e5055-8f2e-473b-a12c-e4dcec4aadfb
Car parked with ticket Number : 55743c4b-afc9-4292-925b-b1cf9b4f710a
Car parked with ticket Number : dab0b6c5-1e8d-4f36-95c6-2e011c768b22
Car parked with ticket Number : e328392b-bd99-4ffb-bf8f-343222e25bdd
]]></system-out>
  <system-err><![CDATA[]]></system-err>
</testsuite>
