<?xml version="1.0" encoding="UTF-8"?>
<testsuite name="ParkingLotTest" tests="4" skipped="0" failures="0" errors="0" timestamp="2023-12-10T11:59:49" hostname="LAPTOP-702H6MN5" time="0.141">
  <properties/>
  <testcase name="testGetRegNumbersByColor()" classname="ParkingLotTest" time="0.115"/>
  <testcase name="testParkCar()" classname="ParkingLotTest" time="0.006"/>
  <testcase name="testGetTicketNumbersByColor()" classname="ParkingLotTest" time="0.005"/>
  <testcase name="testGetTicketNumberByRegNumber()" classname="ParkingLotTest" time="0.006"/>
  <system-out><![CDATA[Car parked with ticket Number : 1339b938-1cf3-4dfd-a44b-137f455846c3
Car parked with ticket Number : 6c8bb3f7-d00a-4d2b-a727-72b054308462
Car parked with ticket Number : bcc7e6b6-76cb-40a7-b599-9a58f6fc720f
Car parked with ticket Number : d0c9d072-3cf0-47e6-9784-062774463a77
Car parked with ticket Number : 2ffe5124-64bd-4b89-88b9-b7bdd81e9da1
Car parked with ticket Number : 445509cf-efd0-4713-b326-62e15c270054
Car parked with ticket Number : 69b0b95a-d6c7-415b-8492-64c4a6b4e463
Car parked with ticket Number : 593305d6-1e5b-4bc3-84d1-072f1aa6e837
Car parked with ticket Number : 2c96fdab-37b2-45a1-8fae-7631cc2f5a1f
Car parked with ticket Number : ea50d0a1-4bd8-49e8-9dfa-21acd83be7f1
Car parked with ticket Number : 5df94088-51cf-44b9-bc0c-bd085b2dc458
]]></system-out>
  <system-err><![CDATA[]]></system-err>
</testsuite>
